<?xml version="1.0" encoding="UTF-8"?>
<!-- Generated by org.testng.reporters.JUnitReportReporter -->
<testsuite hostname="BNS" failures="0" tests="1" name="utility.NewTest" time="9.443" errors="0" timestamp="2023-11-11T01:05:09 IST" skipped="0">
  <testcase classname="utility.NewTest" name="f" time="9.443"/>
</testsuite> <!-- utility.NewTest -->
